<?xml version="1.0" encoding="UTF-8"?>
<testng-results ignored="0" total="2" passed="2" failed="0" skipped="0">
  <reporter-output>
  </reporter-output>
  <suite started-at="2025-07-03T22:57:47 IST" name="Default suite" finished-at="2025-07-03T22:58:16 IST" duration-ms="29130">
    <groups>
      <group name="cucumber">
        <method signature="AbstractTestNGCucumberTests.runScenario(io.cucumber.testng.PickleWrapper,io.cucumber.testng.FeatureWrapper)[pri:0, instance:testRunner.Runner@65d09a04]" name="runScenario" class="io.cucumber.testng.AbstractTestNGCucumberTests"/>
      </group> <!-- cucumber -->
    </groups>
    <test started-at="2025-07-03T22:57:47 IST" name="Default test" finished-at="2025-07-03T22:58:16 IST" duration-ms="29130">
      <class name="testRunner.Runner">
        <test-method is-config="true" signature="setUpClass(org.testng.ITestContext)[pri:0, instance:testRunner.Runner@65d09a04]" started-at="2025-07-03T22:57:47 IST" name="setUpClass" finished-at="2025-07-03T22:57:48 IST" duration-ms="498" status="PASS">
          <params>
            <param index="0">
              <value>
                <![CDATA[org.testng.TestRunner@4c5228e7]]>
              </value>
            </param>
          </params>
          <reporter-output>
          </reporter-output>
        </test-method> <!-- setUpClass -->
        <test-method signature="runScenario(io.cucumber.testng.PickleWrapper,io.cucumber.testng.FeatureWrapper)[pri:0, instance:testRunner.Runner@65d09a04]" started-at="2025-07-03T22:57:48 IST" name="runScenario" description="Runs Cucumber Scenarios" data-provider="scenarios" finished-at="2025-07-03T22:58:05 IST" duration-ms="16874" status="PASS">
          <params>
            <param index="0">
              <value>
                <![CDATA["Successful account creation"]]>
              </value>
            </param>
            <param index="1">
              <value>
                <![CDATA["User Sign Up"]]>
              </value>
            </param>
          </params>
          <reporter-output>
          </reporter-output>
        </test-method> <!-- runScenario -->
        <test-method signature="runScenario(io.cucumber.testng.PickleWrapper,io.cucumber.testng.FeatureWrapper)[pri:0, instance:testRunner.Runner@65d09a04]" started-at="2025-07-03T22:58:05 IST" name="runScenario" description="Runs Cucumber Scenarios" data-provider="scenarios" finished-at="2025-07-03T22:58:16 IST" duration-ms="11692" status="PASS">
          <params>
            <param index="0">
              <value>
                <![CDATA["Account creation with existing email"]]>
              </value>
            </param>
            <param index="1">
              <value>
                <![CDATA["User Sign Up"]]>
              </value>
            </param>
          </params>
          <reporter-output>
          </reporter-output>
        </test-method> <!-- runScenario -->
        <test-method is-config="true" signature="tearDownClass()[pri:0, instance:testRunner.Runner@65d09a04]" started-at="2025-07-03T22:58:16 IST" name="tearDownClass" finished-at="2025-07-03T22:58:16 IST" duration-ms="18" status="PASS">
          <reporter-output>
          </reporter-output>
        </test-method> <!-- tearDownClass -->
      </class> <!-- testRunner.Runner -->
    </test> <!-- Default test -->
  </suite> <!-- Default suite -->
</testng-results>
